164
148
15
999
0
0
0
33
15
0
55
30
0
0
0
0
0
0
0
488
0
0
0
786
0
198
0
0
794
0
1118
0
958
0
0
22
0
24
0
0
0
0
0
1714
468
0
0
0
0
0
0
1510
0
0
0
0
0
407
5
0
0
0
1
0
0
77
0
0
0
0
0
0
0
1
0
0
0
0
0
0
0
0
0
0
147
60
0
0
0
0
0
0
0
0
0
1
0
0
0
0
1132
0
0
0
70
0
0
34
0
68
0
0
0
0
0
1319
411
0
1937
0
0
1593
0
0
0
0
0
0
0
0
0
0
0
53
0
91
0
223
0
0
0
1733
0
0
135
453
0
377
0
0
0
0
0
0
0
781
0
0
161
68
0
294
0
0
0
0
369
2067
0
0
0
0
335
196
0
149
0
0
1211
0
0
0
0
344
490
416
0
0
0
1052
0
0
0
0
0
0
0
0
0
0
0
0
816
0
0
0
0
0
0
0
0
0
0
0
0
0
0
0
0
69
0
0
1150
0
1262
0
0
0
0
0
0
0
0
227
0
0
0
0
0
0
0
0
0
0
0
0
0
0
0
0
294
0
0
0
0
0
0
0
122
0
0
0
0
0
0
0
0
0
92
427
0
0
174
0
0
0
0
0
72
0
0
4070
0
0
0
0
2321
952
0
0
0
0
0
0
0
256
293
0
0
0
119
0
506
0
0
0
0
41
0
0
0
0
0
63
342
0
0
0
0
244
0
0
0
0
1116
0
0
951
0
0
0
0
0
478
0
0
0
0
259
0
412
0
0
0
965
0
193
0
991
0
0
0
1201
0
0
0
0
0
0
0
0
0
707
0
0
0
343
0
0
0
0
680
0
0
0
0
0
0
432
0
0
1419
0
0
310
0
0
0
0
0
0
0
0
0
0
1131
0
0
390
0
0
0
0
0
897
0
0
319
531
0
336
0
0
0
1525
0
0
0
0
277
0
0
0
0
0
384
0
0
0
0
1042
93
0
0
1273
603
0
0
0
0
0
97
0
32
0
215
293
0
1990
0
0
0
1071
0
0
860
0
0
0
0
0
0
0
0
0
1598
210
0
0
0
0
0
0
0
0
0
0
0
2162
0
0
0
2507
0
0
0
288
669
0
0
0
0
161
0
0
0
1937
0
73
0
91
0
0
0
855
0
0
0
0
0
0
0
0
0
0
0
0
0
0
0
472
0
0
0
0
1179
0
750
0
0
0
0
0
0
0
0
0
0
0
889
0
70
0
0
0
162
0
0
0
784
965
0
0
0
0
0
1602
144
0
0
0
0
0
0
651
0
25
0
0
0
0
1376
0
0
0
1523
0
0
0
0
0
408
0
0
0
0
5
0
0
0
624
0
368
0
0
0
512
0
0
175
1384
0
0
0
0
0
637
0
0
0
0
440
0
0
0
0
0
0
1206
1755
0
0
1132
0
0
386
0
0
0
0
0
0
0
0
0
0
0
0
0
0
0
0
0
1086
0
0
1165
0
0
0
0
0
0
0
0
0
0
315
0
0
0
0
0
0
0
0
1463
0
440
0
0
0
0
0
0
1579
0
0
1140
0
0
2091
699
0
0
0
764
0
22
0
0
673
0
0
114
0
0
468
0
0
0
396
0
0
0
0
180
663
0
0
710
0
0
0
0
0
0
0
0
0
0
0
0
0
0
0
0
0
68
0
0
0
0
0
0
0
0
0
0
0
0
0
0
0
0
0
0
1703
307
0
0
0
0
1517
0
0
0
149
0
0
220
0
0
124
0
166
295
0
0
205
0
0
0
0
2086
0
0
0
0
823
0
0
0
385
0
0
0
0
0
0
0
0
0
0
58
0
0
0
0
1807
0
245
0
0
0
0
0
0
1906
2369
0
0
0
0
0
0
1470
0
0
0
151
1444
0
2667
0
0
0
0
336
0
0
0
0
95
0
0
0
0
0
0
0
70
0
0
0
0
0
50
0
0
0
0
0
0
1142
0
0
168
694
0
0
0
0
815
0
0
0
0
0
0
142
1049
0
0
0
0
0
0
0
0
0
0
0
0
0
0
411
0
0
0
0
461
0
0
0
0
0
0
0
0
0
0
0
128
1073
1407
0
0
0
0
0
0
0
0
698
0
264
0
0
0
0
0
0
0
0
2261
0
0
0
73
0
0
520
0
0
0
0
341
0
0
1189
1391
0
0
1841
0
0
202
3030
0
0
0
381
0
0
0
0
1211
0
0
0
0
0
0
0
0
0
532
0
63
0
0
0
1152
0
314
0
40
18
0
0
432
0
0
0
0
12
0
0
0
2800
0
0
0
0
0
925
0
0
0
0
0
0
109
0
0
2810
0
0
0
0
284
0
0
947
15
0
0
146
0
0
2106
0
0
0
0
0
438
0
0
0
0
0
0
0
0
114
906
0
0
0
0
138
0
346
0
111
0
0
0
0
1048
0
0
0
0
0
0
0
0
3136
0
0
2976
0
0
0
0
0
0
0
0
0
0
0
0
0
0
0
0
0
1293
0
146
0
0
0
0
0
0
0
0
1768
0
0
0
0
0
0
0
0
0
0
0
0
0
0
281
0
0
0
0
0
0
0
0
0
0
0
662
0
702
0
0
282
0
0
313
0
0
0
0
0
0
331
0
0
0
0
1080
908
1146
0
0
0
0
101
0
0
0
0
0
0
0
0
0
0
0
35
531
0
0
0
623
365
0
0
0
0
0
0
0
0
0
0
638
0
0
0
0
0
0
0
0
259
0
15
0
0
0
0
0
0
0
0
986
0
0
397
0
0
0
0
128
0
0
0
0
1773
334
0
0
56
0
1239
0
0
0
0
0
913
0
0
351
0
0
0
958
0
0
1207
0
553
0
0
308
0
0
0
0
94
0
0
0
0
0
0
0
386
0
0
0
0
1405
0
47
0
0
0
0
55
0
2469
2296
49
0
0
0
0
0
0
0
0
0
0
0
1082
55
0
1391
0
0
0
0
0
426
0
287
0
166
279
0
0
0
143
0
0
0
0
0
1879
0
0
0
0
0
0
0
0
494
147
0
0
0
0
205
0
0
4
799
0
0
0
0
0
0
0
138
0
1033
873
0
0
0
1450
0
0
0
1472
0
0
0
0
487
2554
0
0
0
0
0
0
0
0
0
0
0
0
0
0
0
17
0
0
0
0
0
0
0
1659
0
0
806
0
0
815
203
0
0
0
0
0
310
380
0
0
1186
0
0
0
0
188
0
827
1554
1672
0
0
0
0
0
0
0
0
0
45
0
1604
903
0
0
0
0
0
0
1079
0
0
0
0
0
57
0
0
0
0
0
0
0
0
0
0
0
0
0
0
0
0
1912
0
0
0
0
369
0
448
0
0
764
7
0
11
0
0
0
0
0
0
823
0
0
0
0
0
158
0
0
390
207
0
0
252
1316
0
0
0
0
0
2132
1938
0
198
0
0
0
0
0
14
0
580
0
561
0
0
0
0
118
1645
792
0
0
0
0
0
0
0
292
0
1000
0
0
0
0
0
12
0
0
0
0
0
0
0
0
118
0
0
0
1572
0
0
0
312
0
72
1751
0
0
0
0
0
0
0
0
0
0
404
0
2236
0
0
0
0
0
0
0
833
0
0
0
0
0
0
0
0
0
140
0
0
0
0
0
629
0
0
0
0
0
0
3991
0
0
0
0
0
0
0
1020
0
391
0
0
1206
1098
784
816
9
0
0
0
0
1309
1485
0
0
0
0
0
1442
0
0
0
0
9
0
1723
0
0
0
1822
0
0
0
0
0
1457
0
0
0
0
0
35
470
0
0
0
0
0
1172
633
0
0
0
0
0
0
0
0
0
0
0
383
0
0
1842
0
0
0
0
0
1020
430
0
0
0
0
0
0
0
1214
0
0
0
0
138
0
0
120
0
0
0
0
952
0
0
0
0
0
0
85
1180
122
91
0
304
182
0
0
0
0
2178
0
0
0
0
314
1421
0
0
877
0
0
0
0
1624
0
0
0
1
0
0
422
0
0
0
2336
394
0
0
0
638
0
0
0
0
0
0
0
0
0
626
0
0
0
0
559
0
0
0
0
0
429
0
0
406
0
0
0
784
0
0
0
0
0
0
1112
0
0
0
0
198
0
0
0
1476
0
703
0
0
0
475
0
0
48
0
0
0
0
0
0
0
0
0
0
0
677
0
8
0
655
1708
190
0
1314
0
0
1750
217
0
0
147
211
0
1268
0
0
0
0
0
0
928
0
758
0
708
0
0
0
0
0
530
0
1143
0
0
341
0
0
0
0
0
575
0
0
0
358
0
0
0
0
1521
1391
0
0
0
0
331
1602
0
0
0
947
0
0
0
0
0
495
1354
0
0
0
0
306
0
822
260
53
0
11
86
0
0
0
0
735
105
0
0
0
0
0
0
0
0
1684
0
0
217
0
0
0
0
0
0
0
0
121
0
0
351
0
0
260
0
843
0
0
0
0
0
0
1063
0
0
0
200
0
0
0
0
0
0
174
242
0
0
578
0
699
0
400
0
427
0
0
0
0
0
0
0
533
0
0
0
0
0
496
0
0
0
1466
0
0
34
194
0
0
306
2662
0
0
326
0
0
0
0
0
0
0
0
0
150
0
0
0
0
0
0
0
0
0
676
0
0
0
0
845
2
50
388
0
35
0
0
0
0
0
0
0
0
0
0
0
0
0
113
0
0
0
0
211
0
0
54
0
0
146
0
0
0
59
487
0
0
1484
1091
0
0
0
0
0
0
0
0
0
447
0
1733
0
0
0
394
0
482
1426
0
0
0
0
356
0
0
0
0
0
30
0
0
0
0
0
0
0
0
0
0
0
0
0
0
0
0
0
314
0
389
287
0
0
0
0
0
0
0
0
0
0
0
0
0
0
784
0
108
803
0
0
0
0
0
0
0
0
0
0
683
0
0
0
0
0
0
24
0
0
0
872
0
0
0
0
199
0
530
0
0
2599
0
0
0
0
0
1030
1362
0
0
0
477
0
0
0
366
0
758
0
0
0
0
0
0
40
0
0
48
0
0
11
0
909
0
0
0
0
0
319
0
0
0
0
0
89
0
0
0
0
0
0
0
0
0
0
0
303
0
0
501
0
759
631
0
0
0
244
643
0
0
0
413
0
0
0
0
0
0
0
0
0
5
0
956
0
0
0
0
0
265
0
485
152
0
0
0
0
0
0
0
0
0
352
0
120
0
0
0
1258
2766
0
0
3192
1347
0
0
0
0
75
0
2772
0
0
0
0
1046
0
0
0
95
0
468
0
0
0
0
0
0
0
0
0
1285
0
0
0
221
0
739
0
0
211
726
0
1490
0
0
0
0
669
0
0
0
1799
0
0
0
0
1233
2325
0
1120
0
0
0
0
487
0
291
0
0
0
0
0
0
0
0
0
0
0
0
0
0
0
0
32
0
0
0
0
0
0
0
0
127
0
0
0
237
0
1047
0
259
74
0
0
639
0
0
0
0
20
0
0
1310
0
0
0
0
2253
0
0
0
0
0
0
0
0
55
0
439
0
1895
0
0
2767
0
1706
141
274
0
0
0
0
0
0
0
0
0
0
0
31
0
0
876
0
551
0
0
0
0
0
0
0
0
0
56
0
0
814
1018
0
0
815
100
0
0
0
1380
0
0
0
0
2637
0
0
0
0
5
0
0
1049
0
0
0
0
0
0
0
0
0
51
0
619
0
0
0
332
0
136
0
0
1670
0
0
0
0
0
0
57
0
0
2263
0
0
0
16
0
2854
0
524
0
707
0
0
782
0
282
0
182
0
0
0
0
0
0
0
0
0
0
0
0
0
0
0
0
0
0
0
1564
825
0
0
0
0
0
0
0
0
320
0
1873
303
169
0
0
0
0
0
0
0
0
0
1031
0
0
423
0
0
0
0
0
0
0
572
2356
0
0
0
0
0
0
0
446
0
0
1088
0
0
0
0
0
0
183
0
0
0
0
0
0
0
0
0
0
242
1609
0
0
782
2086
0
0
0
2769
0
0
0
0
101
0
0
0
0
0
0
0
0
0
0
392
0
0
0
0
0
0
0
0
0
80
0
0
0
0
0
0
0
0
1121
212
0
0
0
0
0
0
2885
1321
0
369
1047
0
0
3163
0
362
0
71
0
0
0
394
3455
593
0
0
0
0
1392
0
1731
0
1471
501
311
0
0
0
34
0
443
0
0
0
387
0
0
0
0
0
0
239
0
0
0
413
358
0
0
1374
0
0
0
0
0
0
0
0
0
318
0
0
0
0
0
0
1210
392
623
0
0
0
0
0
0
0
211
0
0
0
0
0
26
128
0
0
0
565
17
5
0
0
904
0
2030
0
0
0
452
0
0
493
0
0
0
0
399
0
0
0
0
0
171
0
0
276
362
0
0
0
0
1025
0
0
0
0
0
0
0
0
0
0
0
0
0
0
0
0
0
0
0
433
0
221
481
179
0
0
1077
0
944
2504
0
727
0
0
1572
0
0
0
0
0
0
200
0
0
0
0
0
0
0
0
16
334
0
0
125
92
0
0
0
0
0
0
22
0
0
0
0
0
0
182
0
0
0
0
1815
0
1575
0
0
0
2204
0
0
0
0
0
169
0
0
383
0
0
0
1289
1637
0
0
0
0
0
0
0
2539
362
0
0
307
0
0
34
0
0
963
0
722
330
0
0
1384
0
0
0
1241
479
0
0
0
0
0
0
0
0
1301
627
0
0
0
0
155
556
0
0
922
0
167
0
0
0
0
0
0
0
0
0
0
0
103
3260
0
765
0
0
0
0
0
0
0
0
0
780
0
0
0
0
1988
0
1953
0
252
0
0
1748
0
1524
0
0
0
0
0
0
1058
0
0
198
0
0
0
0
42
28
1861
0
515
0
1652
0
0
0
0
0
0
0
0
0
0
0
0
156
0
0
0
1528
0
0
0
0
0
0
0
0
0
0
14
0
0
0
0
356
0
0
0
0
111
0
0
0
116
358
0
0
214
0
0
0
0
0
0
0
0
0
239
322
0
0
0
0
0
0
0
383
42
0
0
0
0
0
174
0
38
0
0
0
0
0
49
0
0
0
0
48
41
0
0
0
1648
1491
0
0
0
0
0
0
0
0
0
0
1247
3596
0
0
1431
0
1794
311
0
102
168
0
0
0
303
0
0
0
0
0
0
119
341
18
54
0
0
0
0
0
0
0
0
467
1560
0
0
0
0
0
0
0
43
0
148
0
0
0
354
0
0
0
0
0
0
1865
242
0
0
312
63
979
0
461
0
0
0
0
0
0
0
0
85
755
0
108
0
0
0
167
0
0
0
0
0
0
0
75
575
5
0
32
910
0
0
0
0
0
0
0
633
0
0
0
73
0
0
0
0
0
0
1379
0
0
0
0
2967
0
0
394
1134
0
0
994
0
23
0
0
0
0
0
0
0
0
0
468
1311
0
0
198
0
0
0
0
0
302
0
891
0
1671
0
0
0
0
0
383
2436
0
0
86
0
0
0
0
2174
0
0
0
0
511
726
0
0
1969
887
0
0
169
693
0
22
0
0
0
1727
0
0
355
0
647
0
0
0
0
0
0
0
0
275
0
0
1124
1050
0
0
0
0
950
0
0
192
0
0
1645
0
0
0
0
777
0
0
0
0
0
0
0
813
1141
0
0
1273
0
0
364
0
0
0
0
0
278
0
0
0
732
102
0
184
0
0
0
0
0
435
0
0
0
0
0
1198
0
0
0
0
0
139
0
0
0
0
0
0
110
0
0
229
0
196
0
30
0
46
0
0
894
0
0
853
0
0
0
1971
0
0
192
0
538
0
0
0
0
0
0
0
0
0
0
515
724
0
0
369
1299
1396
0
0
0
0
0
0
109
0
0
0
0
0
0
0
163
0
0
853
0
0
0
0
740
0
0
0
0
0
78
0
0
0
0
0
125
0
845
938
0
0
0
0
0
199
765
0
0
0
248
357
0
0
0
0
0
0
0
0
0
0
0
0
1299
0
70
0
0
0
0
0
0
426
0
748
0
0
0
142
0
208
0
0
0
0
0
0
0
116
249
0
0
0
0
0
356
0
0
0
0
0
24
0
0
0
0
0
146
0
0
0
59
0
0
0
156
1565
0
0
0
661
0
0
0
308
11
0
2292
0
0
0
0
0
0
201
0
1726
0
0
0
665
0
0
0
0
360
0
0
0
0
1101
0
1318
0
244
0
0
0
0
0
0
0
0
0
1031
0
0
0
0
0
0
272
0
0
0
0
820
0
0
0
370
0
0
47
0
0
0
74
0
0
0
1024
0
0
996
0
0
0
2002
0
0
0
943
1460
0
0
0
0
0
0
179
351
1392
0
0
57
0
0
0
1544
0
0
1488
0
649
0
0
0
0
0
0
0
0
0
0
0
0
1047
0
0
0
0
0
0
0
0
0
0
0
0
0
0
478
0
0
0
0
0
0
231
0
0
0
319
0
0
0
335
0
0
708
0
0
0
0
75
0
0
0
0
0
0
0
510
0
0
0
0
1112
0
0
847
0
0
0
0
0
0
30
11
0
0
1520
0
0
0
0
0
0
0
0
0
0
0
0
0
0
0
0
0
0
0
125
0
71
669
0
0
0
421
0
0
0
0
337
520
0
0
0
0
0
0
0
0
0
0
1245
0
498
732
0
0
0
0
0
2804
0
0
0
0
558
107
0
0
0
0
0
0
0
0
0
0
1378
0
0
0
1010
0
0
0
0
858
94
0
0
0
62
0
0
0
231
0
0
0
0
0
0
0
400
721
0
1105
0
0
0
860
0
0
0
0
74
0
0
0
0
0
0
0
0
0
0
0
634
0
0
0
0
0
1521
994
0
1540
0
0
0
0
876
0
0
0
181
0
0
0
0
0
0
0
0
91
0
543
0
0
0
0
0
0
399
0
0
915
0
0
35
0
0
106
0
0
0
0
0
0
0
0
0
0
707
0
0
99
0
0
92
0
0
0
0
0
0
160
0
0
6
0
0
0
697
0
0
0
675
0
0
745
0
1685
0
0
0
792
0
0
794
0
0
0
0
1302
0
816
0
0
0
0
0
0
0
0
1514
1651
0
0
0
0
0
0
0
0
1450
0
0
0
1447
0
0
630
0
0
0
0
941
0
250
1363
0
0
0
0
0
0
0
0
0
0
0
0
0
0
1702
0
245
0
0
0
0
1002
0
0
0
0
195
0
1082
0
1693
0
0
0
0
0
0
0
0
0
0
0
0
0
0
0
0
88
277
0
0
286
0
0
0
0
0
0
1482
0
43
0
401
0
0
0
0
0
0
470
0
157
0
1030
0
0
0
0
0
0
0
0
68
611
0
0
0
0
0
0
0
402
0
0
0
364
607
0
0
0
690
0
0
0
0
0
0
0
2068
0
1632
0
0
498
0
0
0
0
0
0
0
787
0
747
0
0
0
0
0
0
0
0
0
0
0
0
0
0
0
0
0
0
0
0
0
176
0
0
0
90
0
2054
0
0
0
0
44
1507
262
0
0
0
0
0
1071
0
0
0
0
0
0
0
0
1487
0
0
0
0
0
0
0
2693
0
0
0
0
0
3095
0
0
66
0
0
15
172
0
0
1186
0
295
0
0
236
0
0
0
950
0
0
0
0
0
0
0
0
519
0
0
0
0
0
0
0
247
0
0
0
0
0
0
0
0
0
0
0
0
0
1093
0
0
0
0
0
0
0
0
0
0
0
0
0
0
0
94
0
174
0
0
1707
0
0
0
0
0
0
0
296
0
0
1706
0
0
0
0
0
0
0
0
0
0
0
0
0
0
995
375
0
0
0
0
0
0
0
0
0
0
604
0
1076
0
0
0
0
0
0
0
424
0
0
0
0
17
0
223
0
0
0
64
0
3350
0
0
0
225
0
0
0
0
0
0
0
123
67
403
0
0
0
0
0
0
0
0
283
0
0
0
2175
1016
0
109
0
0
0
0
0
0
0
0
0
0
0
372
0
0
0
0
0
85
0
0
259
694
0
0
0
0
0
384
0
0
131
730
0
0
460
0
0
0
0
0
613
0
0
0
0
741
1413
0
0
0
0
0
0
0
0
0
1478
0
1503
0
0
9
0
0
453
0
0
2393
0
0
0
575
0
0
0
0
0
1801
0
0
608
0
0
730
0
0
0
0
0
0
0
0
0
0
545
822
0
0
2066
0
0
506
0
0
0
0
0
0
1032
128
1751
0
0
0
0
0
0
0
0
0
0
0
0
0
387
0
0
0
329
0
416
0
0
0
133
1960
0
0
0
211
0
0
0
0
0
0
23
0
820
0
0
115
0
0
0
0
0
0
0
0
0
0
0
40
0
0
402
0
0
0
0
0
0
0
0
1757
1249
0
0
0
0
0
0
346
0
0
103
0
0
0
0
0
1107
0
0
292
0
0
1605
0
1377
0
0
671
365
0
0
0
0
748
0
434
0
0
0
0
936
0
0
0
0
0
0
0
0
0
0
0
6
0
978
0
0
199
114
0
0
0
1211
13
1703
0
1905
0
0
0
0
209
0
0
0
0
0
0
0
0
0
2359
0
0
0
0
115
1666
0
93
0
0
0
0
3305
0
0
650
1771
694
0
0
0
0
0
0
0
0
0
0
283
0
0
902
1515
400
0
875
0
0
0
0
0
0
0
0
667
0
0
0
0
0
0
0
0
0
0
0
2234
0
0
0
0
0
0
0
60
0
0
0
0
0
1019
0
0
0
0
0
0
0
0
0
0
0
370
113
0
0
0
0
0
0
0
0
118
0
160
0
0
0
0
0
0
0
0
60
4108
0
0
299
0
0
93
0
0
0
0
0
0
1163
0
0
0
2654
665
0
0
0
507
0
0
496
0
0
0
0
0
0
0
0
975
0
3192
0
86
0
0
0
0
0
0
0
487
0
1401
287
0
0
0
0
910
0
0
0
855
0
0
0
14
152
265
0
0
0
0
0
0
386
554
0
0
0
0
0
483
0
0
0
0
0
0
193
0
0
908
0
0
0
0
0
0
0
0
0
0
213
0
0
398
0
0
0
0
0
1417
25
0
0
0
0
0
0
394
0
0
0
0
276
0
0
362
359
0
0
0
1097
0
0
0
0
0
47
1142
0
0
0
0
0
0
651
0
362
0
0
1724
0
0
0
0
0
0
0
0
0
0
0
0
0
16
0
0
13
0
0
0
0
0
2237
0
0
0
0
0
2219
0
0
0
0
0
0
0
142
278
0
0
0
0
471
0
0
0
0
1251
0
0
0
361
0
0
2018
1758
285
2234
0
0
2071
0
0
0
0
0
0
0
0
0
83
0
1128
0
669
0
0
0
0
0
0
0
0
266
0
1704
131
0
0
0
600
1671
0
0
0
0
0
0
0
0
632
0
386
38
0
0
0
0
0
1508
542
915
0
0
0
931
220
0
0
0
0
553
0
801
0
0
0
0
0
0
0
0
1534
0
0
0
0
0
0
0
0
0
0
1265
0
2
3318
0
0
0
0
0
0
0
0
0
659
0
0
881
1400
0
185
0
0
0
0
277
0
0
0
397
0
3516
273
0
0
0
0
381
0
0
418
0
3763
0
915
2536
0
0
0
0
0
0
0
0
0
0
2087
0
0
0
0
251
89
0
0
68
0
0
0
0
0
154
0
0
0
0
0
